<?xml version="1.0" encoding="UTF-8"?>
<!-- Generated by org.testng.reporters.JUnitReportReporter -->
<testsuite skipped="0" hostname="DESKTOP-2ENHKD3" name="main.java.tests.adminTests.bulksActionsCancelChangeCompany" tests="1" failures="0" timestamp="28 Jun 2019 15:21:11 GMT" time="81.961" errors="0">
  <testcase name="bulksActionsCancelChangeCompany" time="81.961" classname="main.java.tests.adminTests.bulksActionsCancelChangeCompany"/>
</testsuite> <!-- main.java.tests.adminTests.bulksActionsCancelChangeCompany -->
