<?xml version="1.0" encoding="UTF-8"?>
<!-- Generated by org.testng.reporters.JUnitReportReporter -->
<testsuite skipped="0" hostname="DESKTOP-2ENHKD3" name="main.java.tests.contractorTests.contractorExplorerSearchValidatesFields" tests="1" failures="0" timestamp="20 Jun 2019 16:33:32 GMT" time="105.878" errors="0">
  <testcase name="contractorExplorerSearchValidatesFields" time="105.878" classname="main.java.tests.contractorTests.contractorExplorerSearchValidatesFields"/>
</testsuite> <!-- main.java.tests.contractorTests.contractorExplorerSearchValidatesFields -->
