<?xml version="1.0" encoding="UTF-8"?>
<!-- Generated by org.testng.reporters.JUnitReportReporter -->
<testsuite skipped="0" hostname="DESKTOP-2ENHKD3" name="main.java.tests.adminTests.adminDeleteRunsheet" tests="1" failures="0" timestamp="12 Jul 2019 18:52:38 GMT" time="75.909" errors="0">
  <testcase name="adminDeleteRunsheet" time="75.909" classname="main.java.tests.adminTests.adminDeleteRunsheet"/>
</testsuite> <!-- main.java.tests.adminTests.adminDeleteRunsheet -->
